<?xml version="1.0" encoding="UTF-8"?>
<testsuite name="Run on FIREFOX"
           tests="6"
           failures="6"
           errors="0"
           skipped="0"
           time="5.941">
  <properties />
            <testcase name="TC_02_Verify_CustomerID_Cannot_Be_Empty" time="0.001" classname="com.bankguru.livecodingproject.deleteCustomerTestcases">
                <failure type="java.lang.NullPointerException"
                  message="Cannot invoke &quot;pageObjects.bankguru.DeleteCustomerPO.inputToCustomerIDTextbox(org.openqa.selenium.WebDriver, String, String)&quot; because &quot;this.deleteCustomerPage&quot; is null"
              >
<![CDATA[java.lang.NullPointerException: Cannot invoke "pageObjects.bankguru.DeleteCustomerPO.inputToCustomerIDTextbox(org.openqa.selenium.WebDriver, String, String)" because "this.deleteCustomerPage" is null
  com.bankguru.livecodingproject.deleteCustomerTestcases.TC_02_Verify_CustomerID_Cannot_Be_Empty(deleteCustomerTestcases.java:176)
  java.base/jdk.internal.reflect.NativeMethodAccessorImpl.invoke0(Native Method)
  java.base/jdk.internal.reflect.NativeMethodAccessorImpl.invoke(NativeMethodAccessorImpl.java:78)
  java.base/jdk.internal.reflect.DelegatingMethodAccessorImpl.invoke(DelegatingMethodAccessorImpl.java:43)
  java.base/java.lang.reflect.Method.invoke(Method.java:567)
  org.testng.internal.MethodInvocationHelper.invokeMethod(MethodInvocationHelper.java:124)
  org.testng.internal.Invoker.invokeMethod(Invoker.java:583)
  org.testng.internal.Invoker.invokeTestMethod(Invoker.java:719)
  org.testng.internal.Invoker.invokeTestMethods(Invoker.java:989)
  org.testng.internal.TestMethodWorker.invokeTestMethods(TestMethodWorker.java:125)
  org.testng.internal.TestMethodWorker.run(TestMethodWorker.java:109)
  org.testng.TestRunner.privateRun(TestRunner.java:648)
  org.testng.TestRunner.run(TestRunner.java:505)
  org.testng.SuiteRunner.runTest(SuiteRunner.java:455)
  org.testng.SuiteRunner.access$000(SuiteRunner.java:40)
  org.testng.SuiteRunner$SuiteWorker.run(SuiteRunner.java:489)
  org.testng.internal.thread.ThreadUtil$1.call(ThreadUtil.java:52)
  java.base/java.util.concurrent.FutureTask.run(FutureTask.java:264)
  java.base/java.util.concurrent.ThreadPoolExecutor.runWorker(ThreadPoolExecutor.java:1130)
  java.base/java.util.concurrent.ThreadPoolExecutor$Worker.run(ThreadPoolExecutor.java:630)
  java.base/java.lang.Thread.run(Thread.java:831)
]]>
      </failure>

          </testcase>
            <testcase name="TC_04_Verify_CustomerID_Cannot_Have_Special_Characters" time="0.000" classname="com.bankguru.livecodingproject.deleteCustomerTestcases">
                <failure type="java.lang.NullPointerException"
                  message="Cannot invoke &quot;pageObjects.bankguru.DeleteCustomerPO.inputToCustomerIDTextbox(org.openqa.selenium.WebDriver, String, String)&quot; because &quot;this.deleteCustomerPage&quot; is null"
              >
<![CDATA[java.lang.NullPointerException: Cannot invoke "pageObjects.bankguru.DeleteCustomerPO.inputToCustomerIDTextbox(org.openqa.selenium.WebDriver, String, String)" because "this.deleteCustomerPage" is null
  com.bankguru.livecodingproject.deleteCustomerTestcases.TC_04_Verify_CustomerID_Cannot_Have_Special_Characters(deleteCustomerTestcases.java:199)
  java.base/jdk.internal.reflect.NativeMethodAccessorImpl.invoke0(Native Method)
  java.base/jdk.internal.reflect.NativeMethodAccessorImpl.invoke(NativeMethodAccessorImpl.java:78)
  java.base/jdk.internal.reflect.DelegatingMethodAccessorImpl.invoke(DelegatingMethodAccessorImpl.java:43)
  java.base/java.lang.reflect.Method.invoke(Method.java:567)
  org.testng.internal.MethodInvocationHelper.invokeMethod(MethodInvocationHelper.java:124)
  org.testng.internal.Invoker.invokeMethod(Invoker.java:583)
  org.testng.internal.Invoker.invokeTestMethod(Invoker.java:719)
  org.testng.internal.Invoker.invokeTestMethods(Invoker.java:989)
  org.testng.internal.TestMethodWorker.invokeTestMethods(TestMethodWorker.java:125)
  org.testng.internal.TestMethodWorker.run(TestMethodWorker.java:109)
  org.testng.TestRunner.privateRun(TestRunner.java:648)
  org.testng.TestRunner.run(TestRunner.java:505)
  org.testng.SuiteRunner.runTest(SuiteRunner.java:455)
  org.testng.SuiteRunner.access$000(SuiteRunner.java:40)
  org.testng.SuiteRunner$SuiteWorker.run(SuiteRunner.java:489)
  org.testng.internal.thread.ThreadUtil$1.call(ThreadUtil.java:52)
  java.base/java.util.concurrent.FutureTask.run(FutureTask.java:264)
  java.base/java.util.concurrent.ThreadPoolExecutor.runWorker(ThreadPoolExecutor.java:1130)
  java.base/java.util.concurrent.ThreadPoolExecutor$Worker.run(ThreadPoolExecutor.java:630)
  java.base/java.lang.Thread.run(Thread.java:831)
]]>
      </failure>

          </testcase>
            <testcase name="TC_06_Verify_CustomerID_Cannot_Be_Space" time="0.001" classname="com.bankguru.livecodingproject.deleteCustomerTestcases">
                <failure type="java.lang.NullPointerException"
                  message="Cannot invoke &quot;pageObjects.bankguru.DeleteCustomerPO.inputToCustomerIDTextbox(org.openqa.selenium.WebDriver, String, String)&quot; because &quot;this.deleteCustomerPage&quot; is null"
              >
<![CDATA[java.lang.NullPointerException: Cannot invoke "pageObjects.bankguru.DeleteCustomerPO.inputToCustomerIDTextbox(org.openqa.selenium.WebDriver, String, String)" because "this.deleteCustomerPage" is null
  com.bankguru.livecodingproject.deleteCustomerTestcases.TC_06_Verify_CustomerID_Cannot_Be_Space(deleteCustomerTestcases.java:219)
  java.base/jdk.internal.reflect.NativeMethodAccessorImpl.invoke0(Native Method)
  java.base/jdk.internal.reflect.NativeMethodAccessorImpl.invoke(NativeMethodAccessorImpl.java:78)
  java.base/jdk.internal.reflect.DelegatingMethodAccessorImpl.invoke(DelegatingMethodAccessorImpl.java:43)
  java.base/java.lang.reflect.Method.invoke(Method.java:567)
  org.testng.internal.MethodInvocationHelper.invokeMethod(MethodInvocationHelper.java:124)
  org.testng.internal.Invoker.invokeMethod(Invoker.java:583)
  org.testng.internal.Invoker.invokeTestMethod(Invoker.java:719)
  org.testng.internal.Invoker.invokeTestMethods(Invoker.java:989)
  org.testng.internal.TestMethodWorker.invokeTestMethods(TestMethodWorker.java:125)
  org.testng.internal.TestMethodWorker.run(TestMethodWorker.java:109)
  org.testng.TestRunner.privateRun(TestRunner.java:648)
  org.testng.TestRunner.run(TestRunner.java:505)
  org.testng.SuiteRunner.runTest(SuiteRunner.java:455)
  org.testng.SuiteRunner.access$000(SuiteRunner.java:40)
  org.testng.SuiteRunner$SuiteWorker.run(SuiteRunner.java:489)
  org.testng.internal.thread.ThreadUtil$1.call(ThreadUtil.java:52)
  java.base/java.util.concurrent.FutureTask.run(FutureTask.java:264)
  java.base/java.util.concurrent.ThreadPoolExecutor.runWorker(ThreadPoolExecutor.java:1130)
  java.base/java.util.concurrent.ThreadPoolExecutor$Worker.run(ThreadPoolExecutor.java:630)
  java.base/java.lang.Thread.run(Thread.java:831)
]]>
      </failure>

          </testcase>
            <testcase name="TC_05_Verify_CustomerID_Cannot_Have_Black_Space" time="0.001" classname="com.bankguru.livecodingproject.deleteCustomerTestcases">
                <failure type="java.lang.NullPointerException"
                  message="Cannot invoke &quot;pageObjects.bankguru.DeleteCustomerPO.inputToCustomerIDTextbox(org.openqa.selenium.WebDriver, String, String)&quot; because &quot;this.deleteCustomerPage&quot; is null"
              >
<![CDATA[java.lang.NullPointerException: Cannot invoke "pageObjects.bankguru.DeleteCustomerPO.inputToCustomerIDTextbox(org.openqa.selenium.WebDriver, String, String)" because "this.deleteCustomerPage" is null
  com.bankguru.livecodingproject.deleteCustomerTestcases.TC_05_Verify_CustomerID_Cannot_Have_Black_Space(deleteCustomerTestcases.java:209)
  java.base/jdk.internal.reflect.NativeMethodAccessorImpl.invoke0(Native Method)
  java.base/jdk.internal.reflect.NativeMethodAccessorImpl.invoke(NativeMethodAccessorImpl.java:78)
  java.base/jdk.internal.reflect.DelegatingMethodAccessorImpl.invoke(DelegatingMethodAccessorImpl.java:43)
  java.base/java.lang.reflect.Method.invoke(Method.java:567)
  org.testng.internal.MethodInvocationHelper.invokeMethod(MethodInvocationHelper.java:124)
  org.testng.internal.Invoker.invokeMethod(Invoker.java:583)
  org.testng.internal.Invoker.invokeTestMethod(Invoker.java:719)
  org.testng.internal.Invoker.invokeTestMethods(Invoker.java:989)
  org.testng.internal.TestMethodWorker.invokeTestMethods(TestMethodWorker.java:125)
  org.testng.internal.TestMethodWorker.run(TestMethodWorker.java:109)
  org.testng.TestRunner.privateRun(TestRunner.java:648)
  org.testng.TestRunner.run(TestRunner.java:505)
  org.testng.SuiteRunner.runTest(SuiteRunner.java:455)
  org.testng.SuiteRunner.access$000(SuiteRunner.java:40)
  org.testng.SuiteRunner$SuiteWorker.run(SuiteRunner.java:489)
  org.testng.internal.thread.ThreadUtil$1.call(ThreadUtil.java:52)
  java.base/java.util.concurrent.FutureTask.run(FutureTask.java:264)
  java.base/java.util.concurrent.ThreadPoolExecutor.runWorker(ThreadPoolExecutor.java:1130)
  java.base/java.util.concurrent.ThreadPoolExecutor$Worker.run(ThreadPoolExecutor.java:630)
  java.base/java.lang.Thread.run(Thread.java:831)
]]>
      </failure>

          </testcase>
            <testcase name="TC_03_Verify_CustomerID_Must_Be_Numeric" time="0.001" classname="com.bankguru.livecodingproject.deleteCustomerTestcases">
                <failure type="java.lang.NullPointerException"
                  message="Cannot invoke &quot;pageObjects.bankguru.DeleteCustomerPO.inputToCustomerIDTextbox(org.openqa.selenium.WebDriver, String, String)&quot; because &quot;this.deleteCustomerPage&quot; is null"
              >
<![CDATA[java.lang.NullPointerException: Cannot invoke "pageObjects.bankguru.DeleteCustomerPO.inputToCustomerIDTextbox(org.openqa.selenium.WebDriver, String, String)" because "this.deleteCustomerPage" is null
  com.bankguru.livecodingproject.deleteCustomerTestcases.TC_03_Verify_CustomerID_Must_Be_Numeric(deleteCustomerTestcases.java:189)
  java.base/jdk.internal.reflect.NativeMethodAccessorImpl.invoke0(Native Method)
  java.base/jdk.internal.reflect.NativeMethodAccessorImpl.invoke(NativeMethodAccessorImpl.java:78)
  java.base/jdk.internal.reflect.DelegatingMethodAccessorImpl.invoke(DelegatingMethodAccessorImpl.java:43)
  java.base/java.lang.reflect.Method.invoke(Method.java:567)
  org.testng.internal.MethodInvocationHelper.invokeMethod(MethodInvocationHelper.java:124)
  org.testng.internal.Invoker.invokeMethod(Invoker.java:583)
  org.testng.internal.Invoker.invokeTestMethod(Invoker.java:719)
  org.testng.internal.Invoker.invokeTestMethods(Invoker.java:989)
  org.testng.internal.TestMethodWorker.invokeTestMethods(TestMethodWorker.java:125)
  org.testng.internal.TestMethodWorker.run(TestMethodWorker.java:109)
  org.testng.TestRunner.privateRun(TestRunner.java:648)
  org.testng.TestRunner.run(TestRunner.java:505)
  org.testng.SuiteRunner.runTest(SuiteRunner.java:455)
  org.testng.SuiteRunner.access$000(SuiteRunner.java:40)
  org.testng.SuiteRunner$SuiteWorker.run(SuiteRunner.java:489)
  org.testng.internal.thread.ThreadUtil$1.call(ThreadUtil.java:52)
  java.base/java.util.concurrent.FutureTask.run(FutureTask.java:264)
  java.base/java.util.concurrent.ThreadPoolExecutor.runWorker(ThreadPoolExecutor.java:1130)
  java.base/java.util.concurrent.ThreadPoolExecutor$Worker.run(ThreadPoolExecutor.java:630)
  java.base/java.lang.Thread.run(Thread.java:831)
]]>
      </failure>

          </testcase>
            <testcase name="TC_01_Create_New_Customer_And_Checked_Created_Succesfully" time="5.937" classname="com.bankguru.livecodingproject.deleteCustomerTestcases">
                <failure type="org.openqa.selenium.UnhandledAlertException"
                  message="Dismissed user prompt dialog: Customer could not be added !!: 
Build info: version: &apos;3.141.59&apos;, revision: &apos;e82be7d358&apos;, time: &apos;2018-11-14T08:25:53&apos;
System info: host: &apos;DESKTOP-05J6JRM&apos;, ip: &apos;192.168.1.44&apos;, os.name: &apos;Windows 10&apos;, os.arch: &apos;amd64&apos;, os.version: &apos;10.0&apos;, java.version: &apos;16.0.2&apos;
Driver info: org.openqa.selenium.firefox.FirefoxDriver
Capabilities {acceptInsecureCerts: true, browserName: firefox, browserVersion: 94.0.2, javascriptEnabled: true, moz:accessibilityChecks: false, moz:buildID: 20211119140621, moz:geckodriverVersion: 0.29.1, moz:headless: false, moz:processID: 12484, moz:profile: C:\Users\quanh\AppData\Loca..., moz:shutdownTimeout: 60000, moz:useNonSpecCompliantPointerOrigin: false, moz:webdriverClick: true, pageLoadStrategy: normal, platform: WINDOWS, platformName: WINDOWS, platformVersion: 10.0, proxy: Proxy(), setWindowRect: true, strictFileInteractability: false, timeouts: {implicit: 0, pageLoad: 300000, script: 30000}, unhandledPromptBehavior: dismiss and notify}
Session ID: 51780b14-1e13-4279-aaf6-d7a825bb77ec
*** Element info: {Using=xpath, value=//p[text()=&apos;Customer Registered Successfully!!!&apos;]}"
              >
<![CDATA[org.openqa.selenium.UnhandledAlertException: Dismissed user prompt dialog: Customer could not be added !!: 
Build info: version: '3.141.59', revision: 'e82be7d358', time: '2018-11-14T08:25:53'
System info: host: 'DESKTOP-05J6JRM', ip: '192.168.1.44', os.name: 'Windows 10', os.arch: 'amd64', os.version: '10.0', java.version: '16.0.2'
Driver info: org.openqa.selenium.firefox.FirefoxDriver
Capabilities {acceptInsecureCerts: true, browserName: firefox, browserVersion: 94.0.2, javascriptEnabled: true, moz:accessibilityChecks: false, moz:buildID: 20211119140621, moz:geckodriverVersion: 0.29.1, moz:headless: false, moz:processID: 12484, moz:profile: C:\Users\quanh\AppData\Loca..., moz:shutdownTimeout: 60000, moz:useNonSpecCompliantPointerOrigin: false, moz:webdriverClick: true, pageLoadStrategy: normal, platform: WINDOWS, platformName: WINDOWS, platformVersion: 10.0, proxy: Proxy(), setWindowRect: true, strictFileInteractability: false, timeouts: {implicit: 0, pageLoad: 300000, script: 30000}, unhandledPromptBehavior: dismiss and notify}
Session ID: 51780b14-1e13-4279-aaf6-d7a825bb77ec
*** Element info: {Using=xpath, value=//p[text()='Customer Registered Successfully!!!']}
  org.openqa.selenium.remote.http.W3CHttpResponseCodec.decode(W3CHttpResponseCodec.java:120)
  org.openqa.selenium.remote.http.W3CHttpResponseCodec.decode(W3CHttpResponseCodec.java:49)
  org.openqa.selenium.remote.HttpCommandExecutor.execute(HttpCommandExecutor.java:158)
  org.openqa.selenium.remote.service.DriverCommandExecutor.execute(DriverCommandExecutor.java:83)
  org.openqa.selenium.remote.RemoteWebDriver.execute(RemoteWebDriver.java:552)
  org.openqa.selenium.remote.RemoteWebDriver.findElement(RemoteWebDriver.java:323)
  org.openqa.selenium.remote.RemoteWebDriver.findElementByXPath(RemoteWebDriver.java:428)
  org.openqa.selenium.By$ByXPath.findElement(By.java:353)
  org.openqa.selenium.remote.RemoteWebDriver.findElement(RemoteWebDriver.java:315)
  org.openqa.selenium.support.ui.ExpectedConditions$7.apply(ExpectedConditions.java:205)
  org.openqa.selenium.support.ui.ExpectedConditions$7.apply(ExpectedConditions.java:201)
  org.openqa.selenium.support.ui.FluentWait.until(FluentWait.java:249)
  commons.BasePage.waitForElementVisible(BasePage.java:510)
  pageObjects.bankguru.NewCustomerPO.verifyToastRegisterSuccessfully(NewCustomerPO.java:76)
  com.bankguru.livecodingproject.deleteCustomerTestcases.TC_01_Create_New_Customer_And_Checked_Created_Succesfully(deleteCustomerTestcases.java:125)
  java.base/jdk.internal.reflect.NativeMethodAccessorImpl.invoke0(Native Method)
  java.base/jdk.internal.reflect.NativeMethodAccessorImpl.invoke(NativeMethodAccessorImpl.java:78)
  java.base/jdk.internal.reflect.DelegatingMethodAccessorImpl.invoke(DelegatingMethodAccessorImpl.java:43)
  java.base/java.lang.reflect.Method.invoke(Method.java:567)
  org.testng.internal.MethodInvocationHelper.invokeMethod(MethodInvocationHelper.java:124)
  org.testng.internal.Invoker.invokeMethod(Invoker.java:583)
  org.testng.internal.Invoker.invokeTestMethod(Invoker.java:719)
  org.testng.internal.Invoker.invokeTestMethods(Invoker.java:989)
  org.testng.internal.TestMethodWorker.invokeTestMethods(TestMethodWorker.java:125)
  org.testng.internal.TestMethodWorker.run(TestMethodWorker.java:109)
  org.testng.TestRunner.privateRun(TestRunner.java:648)
  org.testng.TestRunner.run(TestRunner.java:505)
  org.testng.SuiteRunner.runTest(SuiteRunner.java:455)
  org.testng.SuiteRunner.access$000(SuiteRunner.java:40)
  org.testng.SuiteRunner$SuiteWorker.run(SuiteRunner.java:489)
  org.testng.internal.thread.ThreadUtil$1.call(ThreadUtil.java:52)
  java.base/java.util.concurrent.FutureTask.run(FutureTask.java:264)
  java.base/java.util.concurrent.ThreadPoolExecutor.runWorker(ThreadPoolExecutor.java:1130)
  java.base/java.util.concurrent.ThreadPoolExecutor$Worker.run(ThreadPoolExecutor.java:630)
  java.base/java.lang.Thread.run(Thread.java:831)
]]>
      </failure>

          </testcase>
  
  
  
</testsuite>
