<?xml version="1.0" encoding="UTF-8"?>
<testsuite name="Run on CHROME"
           tests="27"
           failures="2"
           errors="0"
           skipped="0"
           time="10.973">
  <properties />
            <testcase name="NC_13_Verify_Field_State_Cannot_Be_Numeric" time="0.111" classname="com.bankguru.livecodingproject.newCustomerTestcase">
                <failure type="java.lang.AssertionError"
                  message="expected [Numbers are not allowed] but found [First character can not have space]"
              >
<![CDATA[java.lang.AssertionError: expected [Numbers are not allowed] but found [First character can not have space]
  org.testng.Assert.fail(Assert.java:96)
  org.testng.Assert.failNotEquals(Assert.java:776)
  org.testng.Assert.assertEqualsImpl(Assert.java:137)
  org.testng.Assert.assertEquals(Assert.java:118)
  org.testng.Assert.assertEquals(Assert.java:442)
  commons.BaseTest.checkEquals(BaseTest.java:166)
  commons.BaseTest.verifyEquals(BaseTest.java:178)
  com.bankguru.livecodingproject.newCustomerTestcase.NC_13_Verify_Field_State_Cannot_Be_Numeric(newCustomerTestcase.java:192)
  java.base/jdk.internal.reflect.NativeMethodAccessorImpl.invoke0(Native Method)
  java.base/jdk.internal.reflect.NativeMethodAccessorImpl.invoke(NativeMethodAccessorImpl.java:78)
  java.base/jdk.internal.reflect.DelegatingMethodAccessorImpl.invoke(DelegatingMethodAccessorImpl.java:43)
  java.base/java.lang.reflect.Method.invoke(Method.java:567)
  org.testng.internal.MethodInvocationHelper.invokeMethod(MethodInvocationHelper.java:124)
  org.testng.internal.Invoker.invokeMethod(Invoker.java:583)
  org.testng.internal.Invoker.invokeTestMethod(Invoker.java:719)
  org.testng.internal.Invoker.invokeTestMethods(Invoker.java:989)
  org.testng.internal.TestMethodWorker.invokeTestMethods(TestMethodWorker.java:125)
  org.testng.internal.TestMethodWorker.run(TestMethodWorker.java:109)
  org.testng.TestRunner.privateRun(TestRunner.java:648)
  org.testng.TestRunner.run(TestRunner.java:505)
  org.testng.SuiteRunner.runTest(SuiteRunner.java:455)
  org.testng.SuiteRunner.access$000(SuiteRunner.java:40)
  org.testng.SuiteRunner$SuiteWorker.run(SuiteRunner.java:489)
  org.testng.internal.thread.ThreadUtil$1.call(ThreadUtil.java:52)
  java.base/java.util.concurrent.FutureTask.run(FutureTask.java:264)
  java.base/java.util.concurrent.ThreadPoolExecutor.runWorker(ThreadPoolExecutor.java:1130)
  java.base/java.util.concurrent.ThreadPoolExecutor$Worker.run(ThreadPoolExecutor.java:630)
  java.base/java.lang.Thread.run(Thread.java:831)
]]>
      </failure>

          </testcase>
            <testcase name="NC_14_Verify_Field_State_Cannot_Have_Special_Character" time="0.115" classname="com.bankguru.livecodingproject.newCustomerTestcase">
                <failure type="java.lang.AssertionError"
                  message="expected [Special characters are not allowed] but found [First character can not have space]"
              >
<![CDATA[java.lang.AssertionError: expected [Special characters are not allowed] but found [First character can not have space]
  org.testng.Assert.fail(Assert.java:96)
  org.testng.Assert.failNotEquals(Assert.java:776)
  org.testng.Assert.assertEqualsImpl(Assert.java:137)
  org.testng.Assert.assertEquals(Assert.java:118)
  org.testng.Assert.assertEquals(Assert.java:442)
  commons.BaseTest.checkEquals(BaseTest.java:166)
  commons.BaseTest.verifyEquals(BaseTest.java:178)
  com.bankguru.livecodingproject.newCustomerTestcase.NC_14_Verify_Field_State_Cannot_Have_Special_Character(newCustomerTestcase.java:201)
  java.base/jdk.internal.reflect.NativeMethodAccessorImpl.invoke0(Native Method)
  java.base/jdk.internal.reflect.NativeMethodAccessorImpl.invoke(NativeMethodAccessorImpl.java:78)
  java.base/jdk.internal.reflect.DelegatingMethodAccessorImpl.invoke(DelegatingMethodAccessorImpl.java:43)
  java.base/java.lang.reflect.Method.invoke(Method.java:567)
  org.testng.internal.MethodInvocationHelper.invokeMethod(MethodInvocationHelper.java:124)
  org.testng.internal.Invoker.invokeMethod(Invoker.java:583)
  org.testng.internal.Invoker.invokeTestMethod(Invoker.java:719)
  org.testng.internal.Invoker.invokeTestMethods(Invoker.java:989)
  org.testng.internal.TestMethodWorker.invokeTestMethods(TestMethodWorker.java:125)
  org.testng.internal.TestMethodWorker.run(TestMethodWorker.java:109)
  org.testng.TestRunner.privateRun(TestRunner.java:648)
  org.testng.TestRunner.run(TestRunner.java:505)
  org.testng.SuiteRunner.runTest(SuiteRunner.java:455)
  org.testng.SuiteRunner.access$000(SuiteRunner.java:40)
  org.testng.SuiteRunner$SuiteWorker.run(SuiteRunner.java:489)
  org.testng.internal.thread.ThreadUtil$1.call(ThreadUtil.java:52)
  java.base/java.util.concurrent.FutureTask.run(FutureTask.java:264)
  java.base/java.util.concurrent.ThreadPoolExecutor.runWorker(ThreadPoolExecutor.java:1130)
  java.base/java.util.concurrent.ThreadPoolExecutor$Worker.run(ThreadPoolExecutor.java:630)
  java.base/java.lang.Thread.run(Thread.java:831)
]]>
      </failure>

          </testcase>
  
  
            <testcase name="NC_04_Verify_Field_Name_Cannot_Have_Special_Character" time="0.320" classname="com.bankguru.livecodingproject.newCustomerTestcase" />
                <testcase name="NC_19_Verify_Field_Pin_Cannot_Have_Special_Character" time="0.113" classname="com.bankguru.livecodingproject.newCustomerTestcase" />
                <testcase name="NC_06_Verify_Field_Address_Cannot_Be_Empty" time="0.283" classname="com.bankguru.livecodingproject.newCustomerTestcase" />
                <testcase name="NC_27_Verify_Field_Email_Cannot_Have_Space" time="0.086" classname="com.bankguru.livecodingproject.newCustomerTestcase" />
                <testcase name="NC_11_Verify_Field_City_Cannot_First_Blank_Space" time="0.099" classname="com.bankguru.livecodingproject.newCustomerTestcase" />
                <testcase name="NC_02_Verify_Name_Field_Name_Cannot_Empty" time="0.519" classname="com.bankguru.livecodingproject.newCustomerTestcase" />
                <testcase name="NC_12_Verify_Field_State_Cannot_Be_Empty" time="0.285" classname="com.bankguru.livecodingproject.newCustomerTestcase" />
                <testcase name="NC_18_Verify_Field_Pin_Must_Have_6_Digits" time="0.109" classname="com.bankguru.livecodingproject.newCustomerTestcase" />
                <testcase name="NC_25_Verify_Field_Email_Cannot_Be_Empty" time="0.324" classname="com.bankguru.livecodingproject.newCustomerTestcase" />
                <testcase name="NC_05_Verify_Field_Name_Cannot_Have_First_Character_As_Blank_Space" time="0.328" classname="com.bankguru.livecodingproject.newCustomerTestcase" />
                <testcase name="NC_07_Verify_Field_Address_Cannot_Have_First_Black_Space" time="0.094" classname="com.bankguru.livecodingproject.newCustomerTestcase" />
                <testcase name="NC_08_Verify_Field_City_Cannot_Be_Empty" time="0.300" classname="com.bankguru.livecodingproject.newCustomerTestcase" />
                <testcase name="NC_21_Verify_Field_Telephone_Cannot_Be_Empty" time="0.244" classname="com.bankguru.livecodingproject.newCustomerTestcase" />
                <testcase name="NC_24_Verify_Field_Telephone_Cannot_Have_Special_Character" time="0.102" classname="com.bankguru.livecodingproject.newCustomerTestcase" />
                <testcase name="NC_26_Verify_Field_Email_Must_Be_Incorrect" time="0.100" classname="com.bankguru.livecodingproject.newCustomerTestcase" />
                <testcase name="NC_01_Create_New_Customer_And_Checked_Created_Succesfully" time="6.018" classname="com.bankguru.livecodingproject.newCustomerTestcase" />
                <testcase name="NC_22_Verify_Field_Telephone_Cannot_Have_First_Blank_Space" time="0.103" classname="com.bankguru.livecodingproject.newCustomerTestcase" />
                <testcase name="NC_17_Verify_Field_Pin_Cannot_Empty" time="0.097" classname="com.bankguru.livecodingproject.newCustomerTestcase" />
                <testcase name="NC_09_Verify_Field_City_Cannot_Be_Numeric" time="0.195" classname="com.bankguru.livecodingproject.newCustomerTestcase" />
                <testcase name="NC_16_Verify_Field_Pin_Must_Be_Numeric" time="0.274" classname="com.bankguru.livecodingproject.newCustomerTestcase" />
                <testcase name="NC_23_Verify_Field_Telephone_Cannot_Have_Space" time="0.099" classname="com.bankguru.livecodingproject.newCustomerTestcase" />
                <testcase name="NC_15_Verify_Field_State_Cannot_Have_First_Blank_Space" time="0.125" classname="com.bankguru.livecodingproject.newCustomerTestcase" />
                <testcase name="NC_03_Verify_Field_Name_Name_Cannot_Numeric" time="0.325" classname="com.bankguru.livecodingproject.newCustomerTestcase" />
                <testcase name="NC_20_Verify_Field_Pin_Cannot_Have_First_Blank_Space" time="0.099" classname="com.bankguru.livecodingproject.newCustomerTestcase" />
                <testcase name="NC_10_Verify_Field_City_Cannot_Have_Special_Character" time="0.106" classname="com.bankguru.livecodingproject.newCustomerTestcase" />
      
</testsuite>
