<?xml version="1.0" encoding="UTF-8"?>
<!-- Generated by org.testng.reporters.JUnitXMLReporter -->
<testsuite ignored="0" hostname="Admin" failures="1" tests="1" name="Run on FIREFOX" time="34.336" errors="0" timestamp="21 Sep 2021 17:06:18 GMT">
  <testcase classname="com.admin.nopcommerce.Level_06_UploadFiles" name="Login_01_Upload_File" time="15.978">
    <failure type="org.openqa.selenium.TimeoutException" message="Expected condition failed: waiting for visibility of element located by By.xpath: //a[contains(@href,&amp;apos;%s&amp;apos;)]/parent::td/following-sibling::td[@data-columnname=&amp;apos;DisplayOrder&amp;apos; and text()=&amp;apos;%s&amp;apos;]/following-sibling::td[@data-columnname=&amp;apos;OverrideAltAttribute&amp;apos; and text()=&amp;apos;%s&amp;apos;]/following-sibling::td[@data-columnname=&amp;apos;OverrideTitleAttribute&amp;apos; and text()=&amp;apos;%s&amp;apos;] (tried for 15 second(s) with 500 milliseconds interval)">
      <![CDATA[org.openqa.selenium.TimeoutException: Expected condition failed: waiting for visibility of element located by By.xpath: //a[contains(@href,'%s')]/parent::td/following-sibling::td[@data-columnname='DisplayOrder' and text()='%s']/following-sibling::td[@data-columnname='OverrideAltAttribute' and text()='%s']/following-sibling::td[@data-columnname='OverrideTitleAttribute' and text()='%s'] (tried for 15 second(s) with 500 milliseconds interval)
at org.openqa.selenium.support.ui.WebDriverWait.timeoutException(WebDriverWait.java:95)
at org.openqa.selenium.support.ui.FluentWait.until(FluentWait.java:272)
at commons.BasePage.waitForElementVisible(BasePage.java:396)
at pageObject.admin.nopcommerce.ProductDetailsPageObject.isPictureUploadedSuccessByFileName(ProductDetailsPageObject.java:29)
at com.admin.nopcommerce.Level_06_UploadFiles.Login_01_Upload_File(Level_06_UploadFiles.java:59)
Caused by: org.openqa.selenium.NoSuchWindowException: no such window: target window already closed
from unknown error: web view not found
  (Session info: chrome=93.0.4577.82)
Build info: version: '3.141.59', revision: 'e82be7d358', time: '2018-11-14T08:25:53'
System info: host: 'ADMIN', ip: '192.168.0.105', os.name: 'Windows 10', os.arch: 'amd64', os.version: '10.0', java.version: '16.0.2'
Driver info: org.openqa.selenium.chrome.ChromeDriver
Capabilities {acceptInsecureCerts: false, browserName: chrome, browserVersion: 93.0.4577.82, chrome: {chromedriverVersion: 92.0.4515.43 (8c61b7e2989f2..., userDataDir: C:\Users\Admin\AppData\Loca...}, goog:chromeOptions: {debuggerAddress: localhost:61309}, javascriptEnabled: true, networkConnectionEnabled: false, pageLoadStrategy: normal, platform: WINDOWS, platformName: WINDOWS, proxy: Proxy(), setWindowRect: true, strictFileInteractability: false, timeouts: {implicit: 0, pageLoad: 300000, script: 30000}, unhandledPromptBehavior: dismiss and notify, webauthn:extension:credBlob: true, webauthn:extension:largeBlob: true, webauthn:virtualAuthenticators: true}
Session ID: 9156815fa3686de5904e2a59af86e32b
*** Element info: {Using=xpath, value=//a[contains(@href,'%s')]/parent::td/following-sibling::td[@data-columnname='DisplayOrder' and text()='%s']/following-sibling::td[@data-columnname='OverrideAltAttribute' and text()='%s']/following-sibling::td[@data-columnname='OverrideTitleAttribute' and text()='%s']}
at org.openqa.selenium.remote.http.W3CHttpResponseCodec.createException(W3CHttpResponseCodec.java:187)
at org.openqa.selenium.remote.http.W3CHttpResponseCodec.decode(W3CHttpResponseCodec.java:122)
at org.openqa.selenium.remote.http.W3CHttpResponseCodec.decode(W3CHttpResponseCodec.java:49)
at org.openqa.selenium.remote.HttpCommandExecutor.execute(HttpCommandExecutor.java:158)
at org.openqa.selenium.remote.service.DriverCommandExecutor.execute(DriverCommandExecutor.java:83)
at org.openqa.selenium.remote.RemoteWebDriver.execute(RemoteWebDriver.java:552)
at org.openqa.selenium.remote.RemoteWebDriver.findElement(RemoteWebDriver.java:323)
at org.openqa.selenium.remote.RemoteWebDriver.findElementByXPath(RemoteWebDriver.java:428)
at org.openqa.selenium.By$ByXPath.findElement(By.java:353)
at org.openqa.selenium.remote.RemoteWebDriver.findElement(RemoteWebDriver.java:315)
at org.openqa.selenium.support.ui.ExpectedConditions$7.apply(ExpectedConditions.java:205)
at org.openqa.selenium.support.ui.ExpectedConditions$7.apply(ExpectedConditions.java:201)
at org.openqa.selenium.support.ui.FluentWait.until(FluentWait.java:249)
... 28 more
... Removed 30 stack frames]]>
    </failure>
  </testcase> <!-- Login_01_Upload_File -->
</testsuite> <!-- Run on FIREFOX -->
