<?xml version="1.0" encoding="UTF-8"?>
<!-- Generated by org.testng.reporters.JUnitReportReporter -->
<testsuite hostname="DESKTOP-05J6JRM" failures="2" tests="27" name="com.bankguru.livecodingproject.newCustomerTestcase" time="10.973" errors="0" timestamp="30 Nov 2021 16:27:43 GMT" skipped="0">
  <testcase classname="com.bankguru.livecodingproject.newCustomerTestcase" name="NC_04_Verify_Field_Name_Cannot_Have_Special_Character" time="0.320"/>
  <testcase classname="com.bankguru.livecodingproject.newCustomerTestcase" name="NC_19_Verify_Field_Pin_Cannot_Have_Special_Character" time="0.113"/>
  <testcase classname="com.bankguru.livecodingproject.newCustomerTestcase" name="NC_06_Verify_Field_Address_Cannot_Be_Empty" time="0.283"/>
  <testcase classname="com.bankguru.livecodingproject.newCustomerTestcase" name="NC_27_Verify_Field_Email_Cannot_Have_Space" time="0.086"/>
  <testcase classname="com.bankguru.livecodingproject.newCustomerTestcase" name="NC_11_Verify_Field_City_Cannot_First_Blank_Space" time="0.099"/>
  <testcase classname="com.bankguru.livecodingproject.newCustomerTestcase" name="NC_02_Verify_Name_Field_Name_Cannot_Empty" time="0.519"/>
  <testcase classname="com.bankguru.livecodingproject.newCustomerTestcase" name="NC_12_Verify_Field_State_Cannot_Be_Empty" time="0.285"/>
  <testcase classname="com.bankguru.livecodingproject.newCustomerTestcase" name="NC_18_Verify_Field_Pin_Must_Have_6_Digits" time="0.109"/>
  <testcase classname="com.bankguru.livecodingproject.newCustomerTestcase" name="NC_25_Verify_Field_Email_Cannot_Be_Empty" time="0.324"/>
  <testcase classname="com.bankguru.livecodingproject.newCustomerTestcase" name="NC_05_Verify_Field_Name_Cannot_Have_First_Character_As_Blank_Space" time="0.328"/>
  <testcase classname="com.bankguru.livecodingproject.newCustomerTestcase" name="NC_07_Verify_Field_Address_Cannot_Have_First_Black_Space" time="0.094"/>
  <testcase classname="com.bankguru.livecodingproject.newCustomerTestcase" name="NC_14_Verify_Field_State_Cannot_Have_Special_Character" time="0.115">
    <failure message="expected [Special characters are not allowed] but found [First character can not have space]" type="java.lang.AssertionError">
      <![CDATA[java.lang.AssertionError: expected [Special characters are not allowed] but found [First character can not have space]
at org.testng.Assert.fail(Assert.java:96)
at org.testng.Assert.failNotEquals(Assert.java:776)
at org.testng.Assert.assertEqualsImpl(Assert.java:137)
at org.testng.Assert.assertEquals(Assert.java:118)
at org.testng.Assert.assertEquals(Assert.java:442)
at commons.BaseTest.checkEquals(BaseTest.java:166)
at commons.BaseTest.verifyEquals(BaseTest.java:178)
at com.bankguru.livecodingproject.newCustomerTestcase.NC_14_Verify_Field_State_Cannot_Have_Special_Character(newCustomerTestcase.java:201)
at java.base/jdk.internal.reflect.NativeMethodAccessorImpl.invoke0(Native Method)
at java.base/jdk.internal.reflect.NativeMethodAccessorImpl.invoke(NativeMethodAccessorImpl.java:78)
at java.base/jdk.internal.reflect.DelegatingMethodAccessorImpl.invoke(DelegatingMethodAccessorImpl.java:43)
at java.base/java.lang.reflect.Method.invoke(Method.java:567)
at org.testng.internal.MethodInvocationHelper.invokeMethod(MethodInvocationHelper.java:124)
at org.testng.internal.Invoker.invokeMethod(Invoker.java:583)
at org.testng.internal.Invoker.invokeTestMethod(Invoker.java:719)
at org.testng.internal.Invoker.invokeTestMethods(Invoker.java:989)
at org.testng.internal.TestMethodWorker.invokeTestMethods(TestMethodWorker.java:125)
at org.testng.internal.TestMethodWorker.run(TestMethodWorker.java:109)
at org.testng.TestRunner.privateRun(TestRunner.java:648)
at org.testng.TestRunner.run(TestRunner.java:505)
at org.testng.SuiteRunner.runTest(SuiteRunner.java:455)
at org.testng.SuiteRunner.access$000(SuiteRunner.java:40)
at org.testng.SuiteRunner$SuiteWorker.run(SuiteRunner.java:489)
at org.testng.internal.thread.ThreadUtil$1.call(ThreadUtil.java:52)
at java.base/java.util.concurrent.FutureTask.run(FutureTask.java:264)
at java.base/java.util.concurrent.ThreadPoolExecutor.runWorker(ThreadPoolExecutor.java:1130)
at java.base/java.util.concurrent.ThreadPoolExecutor$Worker.run(ThreadPoolExecutor.java:630)
at java.base/java.lang.Thread.run(Thread.java:831)
]]>
    </failure>
  </testcase> <!-- NC_14_Verify_Field_State_Cannot_Have_Special_Character -->
  <testcase classname="com.bankguru.livecodingproject.newCustomerTestcase" name="NC_08_Verify_Field_City_Cannot_Be_Empty" time="0.300"/>
  <testcase classname="com.bankguru.livecodingproject.newCustomerTestcase" name="NC_21_Verify_Field_Telephone_Cannot_Be_Empty" time="0.244"/>
  <testcase classname="com.bankguru.livecodingproject.newCustomerTestcase" name="NC_24_Verify_Field_Telephone_Cannot_Have_Special_Character" time="0.102"/>
  <testcase classname="com.bankguru.livecodingproject.newCustomerTestcase" name="NC_13_Verify_Field_State_Cannot_Be_Numeric" time="0.111">
    <failure message="expected [Numbers are not allowed] but found [First character can not have space]" type="java.lang.AssertionError">
      <![CDATA[java.lang.AssertionError: expected [Numbers are not allowed] but found [First character can not have space]
at org.testng.Assert.fail(Assert.java:96)
at org.testng.Assert.failNotEquals(Assert.java:776)
at org.testng.Assert.assertEqualsImpl(Assert.java:137)
at org.testng.Assert.assertEquals(Assert.java:118)
at org.testng.Assert.assertEquals(Assert.java:442)
at commons.BaseTest.checkEquals(BaseTest.java:166)
at commons.BaseTest.verifyEquals(BaseTest.java:178)
at com.bankguru.livecodingproject.newCustomerTestcase.NC_13_Verify_Field_State_Cannot_Be_Numeric(newCustomerTestcase.java:192)
at java.base/jdk.internal.reflect.NativeMethodAccessorImpl.invoke0(Native Method)
at java.base/jdk.internal.reflect.NativeMethodAccessorImpl.invoke(NativeMethodAccessorImpl.java:78)
at java.base/jdk.internal.reflect.DelegatingMethodAccessorImpl.invoke(DelegatingMethodAccessorImpl.java:43)
at java.base/java.lang.reflect.Method.invoke(Method.java:567)
at org.testng.internal.MethodInvocationHelper.invokeMethod(MethodInvocationHelper.java:124)
at org.testng.internal.Invoker.invokeMethod(Invoker.java:583)
at org.testng.internal.Invoker.invokeTestMethod(Invoker.java:719)
at org.testng.internal.Invoker.invokeTestMethods(Invoker.java:989)
at org.testng.internal.TestMethodWorker.invokeTestMethods(TestMethodWorker.java:125)
at org.testng.internal.TestMethodWorker.run(TestMethodWorker.java:109)
at org.testng.TestRunner.privateRun(TestRunner.java:648)
at org.testng.TestRunner.run(TestRunner.java:505)
at org.testng.SuiteRunner.runTest(SuiteRunner.java:455)
at org.testng.SuiteRunner.access$000(SuiteRunner.java:40)
at org.testng.SuiteRunner$SuiteWorker.run(SuiteRunner.java:489)
at org.testng.internal.thread.ThreadUtil$1.call(ThreadUtil.java:52)
at java.base/java.util.concurrent.FutureTask.run(FutureTask.java:264)
at java.base/java.util.concurrent.ThreadPoolExecutor.runWorker(ThreadPoolExecutor.java:1130)
at java.base/java.util.concurrent.ThreadPoolExecutor$Worker.run(ThreadPoolExecutor.java:630)
at java.base/java.lang.Thread.run(Thread.java:831)
]]>
    </failure>
  </testcase> <!-- NC_13_Verify_Field_State_Cannot_Be_Numeric -->
  <testcase classname="com.bankguru.livecodingproject.newCustomerTestcase" name="NC_26_Verify_Field_Email_Must_Be_Incorrect" time="0.100"/>
  <testcase classname="com.bankguru.livecodingproject.newCustomerTestcase" name="NC_01_Create_New_Customer_And_Checked_Created_Succesfully" time="6.018"/>
  <testcase classname="com.bankguru.livecodingproject.newCustomerTestcase" name="NC_22_Verify_Field_Telephone_Cannot_Have_First_Blank_Space" time="0.103"/>
  <testcase classname="com.bankguru.livecodingproject.newCustomerTestcase" name="NC_17_Verify_Field_Pin_Cannot_Empty" time="0.097"/>
  <testcase classname="com.bankguru.livecodingproject.newCustomerTestcase" name="NC_09_Verify_Field_City_Cannot_Be_Numeric" time="0.195"/>
  <testcase classname="com.bankguru.livecodingproject.newCustomerTestcase" name="NC_16_Verify_Field_Pin_Must_Be_Numeric" time="0.274"/>
  <testcase classname="com.bankguru.livecodingproject.newCustomerTestcase" name="NC_23_Verify_Field_Telephone_Cannot_Have_Space" time="0.099"/>
  <testcase classname="com.bankguru.livecodingproject.newCustomerTestcase" name="NC_15_Verify_Field_State_Cannot_Have_First_Blank_Space" time="0.125"/>
  <testcase classname="com.bankguru.livecodingproject.newCustomerTestcase" name="NC_03_Verify_Field_Name_Name_Cannot_Numeric" time="0.325"/>
  <testcase classname="com.bankguru.livecodingproject.newCustomerTestcase" name="NC_20_Verify_Field_Pin_Cannot_Have_First_Blank_Space" time="0.099"/>
  <testcase classname="com.bankguru.livecodingproject.newCustomerTestcase" name="NC_10_Verify_Field_City_Cannot_Have_Special_Character" time="0.106"/>
</testsuite> <!-- com.bankguru.livecodingproject.newCustomerTestcase -->
